  Console Game.cpp
C:\Users\jeffj\Desktop\code\COMP3016 CW1\Console Game\Console Game\Console Game.cpp(91,15): warning C4244: 'argument': conversion from 'time_t' to 'unsigned int', possible loss of data
C:\Users\jeffj\Desktop\code\COMP3016 CW1\Console Game\Console Game\Console Game.cpp(324,33): warning C4267: 'initializing': conversion from 'size_t' to 'int', possible loss of data
C:\Program Files\Microsoft Visual Studio\2022\Community\VC\Tools\MSVC\14.38.33130\include\utility(250,16): warning C4267: 'initializing': conversion from 'size_t' to '_Ty1', possible loss of data
C:\Program Files\Microsoft Visual Studio\2022\Community\VC\Tools\MSVC\14.38.33130\include\utility(250,16): warning C4267:         with
C:\Program Files\Microsoft Visual Studio\2022\Community\VC\Tools\MSVC\14.38.33130\include\utility(250,16): warning C4267:         [
C:\Program Files\Microsoft Visual Studio\2022\Community\VC\Tools\MSVC\14.38.33130\include\utility(250,16): warning C4267:             _Ty1=int
C:\Program Files\Microsoft Visual Studio\2022\Community\VC\Tools\MSVC\14.38.33130\include\utility(250,16): warning C4267:         ]
  (compiling source file 'Console%20Game.cpp')
  C:\Program Files\Microsoft Visual Studio\2022\Community\VC\Tools\MSVC\14.38.33130\include\utility(250,16):
  the template instantiation context (the oldest one first) is
  	C:\Users\jeffj\Desktop\code\COMP3016 CW1\Console Game\Console Game\Console Game.cpp(337,35):
  	see reference to function template instantiation 'std::pair<int,int>::pair<size_t&,int&,0>(_Other1,_Other2) noexcept' being compiled
          with
          [
              _Other1=size_t &,
              _Other2=int &
          ]
  		C:\Users\jeffj\Desktop\code\COMP3016 CW1\Console Game\Console Game\Console Game.cpp(337,34):
  		see the first reference to 'std::pair<int,int>::pair' in 'loadMap'
  
  Generating code
  Previous IPDB not found, fall back to full compilation.
  All 336 functions were compiled because no usable IPDB/IOBJ from previous compilation was found.
  Finished generating code
  Console Game.vcxproj -> C:\Users\jeffj\Desktop\code\COMP3016 CW1\Console Game\x64\Release\Console Game.exe
